2024-06-10_00:14:59.008 - HikariPool-1 - Shutdown initiated...
2024-06-10_00:14:59.028 - HikariPool-1 - Shutdown completed.
2024-06-10_00:17:28.719 - HV000001: Hibernate Validator 6.2.5.Final
2024-06-10_00:17:28.738 - Starting EmployeeManagementSystemApplication using Java 1.8.0_202 on DESKTOP-0FGFVV5 with PID 16484 (C:\Users\Acer\eclipse-workspace\Neo provocative and enervating process\employee_management_system.zip_expanded\employee_management_system\target\classes started by Acer in C:\Users\Acer\eclipse-workspace\Neo provocative and enervating process\employee_management_system.zip_expanded\employee_management_system)
2024-06-10_00:17:28.739 - Running with Spring Boot v2.7.17, Spring v5.3.30
2024-06-10_00:17:28.740 - No active profile set, falling back to 1 default profile: "default"
2024-06-10_00:17:30.405 - Tomcat initialized with port(s): 8080 (http)
2024-06-10_00:17:30.421 - Initializing ProtocolHandler ["http-nio-8080"]
2024-06-10_00:17:30.424 - Starting service [Tomcat]
2024-06-10_00:17:30.424 - Starting Servlet engine: [Apache Tomcat/9.0.82]
2024-06-10_00:17:30.694 - Initializing Spring embedded WebApplicationContext
2024-06-10_00:17:30.695 - Root WebApplicationContext: initialization completed in 1892 ms
2024-06-10_00:17:31.344 - Will secure any request with [org.springframework.security.web.session.DisableEncodeUrlFilter@6b4283c4, org.springframework.security.web.context.request.async.WebAsyncManagerIntegrationFilter@d0865a3, org.springframework.security.web.context.SecurityContextPersistenceFilter@3a543f31, org.springframework.security.web.header.HeaderWriterFilter@772861aa, org.springframework.security.web.authentication.logout.LogoutFilter@718dbd79, org.springframework.security.web.authentication.UsernamePasswordAuthenticationFilter@1c9e07c6, org.springframework.security.web.session.ConcurrentSessionFilter@7e2c64, org.springframework.security.web.savedrequest.RequestCacheAwareFilter@2b9f74d0, org.springframework.security.web.servletapi.SecurityContextHolderAwareRequestFilter@7efe7b87, org.springframework.security.web.authentication.rememberme.RememberMeAuthenticationFilter@52169758, org.springframework.security.web.authentication.AnonymousAuthenticationFilter@636bbbbb, org.springframework.security.web.session.SessionManagementFilter@19962194, org.springframework.security.web.access.ExceptionTranslationFilter@18acfe88, org.springframework.security.web.access.intercept.FilterSecurityInterceptor@5527b211]
2024-06-10_00:17:31.838 - Starting ProtocolHandler ["http-nio-8080"]
2024-06-10_00:17:31.866 - Tomcat started on port(s): 8080 (http) with context path ''
2024-06-10_00:17:31.880 - Started EmployeeManagementSystemApplication in 3.783 seconds (JVM running for 4.678)
2024-06-10_00:17:38.624 - Application shutdown requested.
2024-06-10_00:17:38.807 - Pausing ProtocolHandler ["http-nio-8080"]
2024-06-10_00:17:38.808 - Stopping service [Tomcat]
2024-06-10_00:17:38.814 - Stopping ProtocolHandler ["http-nio-8080"]
2024-06-10_00:17:38.817 - Destroying ProtocolHandler ["http-nio-8080"]
2024-06-10_00:18:45.409 - HV000001: Hibernate Validator 6.2.5.Final
2024-06-10_00:18:45.430 - Starting EmployeeManagementSystemApplication using Java 1.8.0_202 on DESKTOP-0FGFVV5 with PID 544 (C:\Users\Acer\eclipse-workspace\Neo provocative and enervating process\employee_management_system.zip_expanded\employee_management_system\target\classes started by Acer in C:\Users\Acer\eclipse-workspace\Neo provocative and enervating process\employee_management_system.zip_expanded\employee_management_system)
2024-06-10_00:18:45.431 - Running with Spring Boot v2.7.17, Spring v5.3.30
2024-06-10_00:18:45.432 - No active profile set, falling back to 1 default profile: "default"
