2024-06-10_00:11:35.567 - HV000001: Hibernate Validator 6.2.5.Final
2024-06-10_00:11:35.575 - Starting EmployeeManagementSystemApplication using Java 1.8.0_202 on DESKTOP-0FGFVV5 with PID 8136 (C:\Users\Acer\eclipse-workspace\Neo provocative and enervating process\employee_management_system.zip_expanded\employee_management_system\target\classes started by Acer in C:\Users\Acer\eclipse-workspace\Neo provocative and enervating process\employee_management_system.zip_expanded\employee_management_system)
2024-06-10_00:11:35.576 - Running with Spring Boot v2.7.17, Spring v5.3.30
2024-06-10_00:11:35.577 - No active profile set, falling back to 1 default profile: "default"
2024-06-10_00:11:37.076 - Tomcat initialized with port(s): 8080 (http)
2024-06-10_00:11:37.089 - Initializing ProtocolHandler ["http-nio-8080"]
2024-06-10_00:11:37.091 - Starting service [Tomcat]
2024-06-10_00:11:37.092 - Starting Servlet engine: [Apache Tomcat/9.0.82]
2024-06-10_00:11:37.342 - Initializing Spring embedded WebApplicationContext
2024-06-10_00:11:37.343 - Root WebApplicationContext: initialization completed in 1695 ms
2024-06-10_00:11:37.973 - Will secure any request with [org.springframework.security.web.session.DisableEncodeUrlFilter@10dc7d6, org.springframework.security.web.context.request.async.WebAsyncManagerIntegrationFilter@4f668f29, org.springframework.security.web.context.SecurityContextPersistenceFilter@7efe7b87, org.springframework.security.web.header.HeaderWriterFilter@7c8f9c2e, org.springframework.security.web.authentication.logout.LogoutFilter@6c15e8c7, org.springframework.security.web.authentication.UsernamePasswordAuthenticationFilter@3eda0aeb, org.springframework.security.web.session.ConcurrentSessionFilter@4cb40e3b, org.springframework.security.web.savedrequest.RequestCacheAwareFilter@5a2bd7c8, org.springframework.security.web.servletapi.SecurityContextHolderAwareRequestFilter@7187bac9, org.springframework.security.web.authentication.rememberme.RememberMeAuthenticationFilter@d0865a3, org.springframework.security.web.authentication.AnonymousAuthenticationFilter@716e431d, org.springframework.security.web.session.SessionManagementFilter@3cbf1ba4, org.springframework.security.web.access.ExceptionTranslationFilter@19962194, org.springframework.security.web.access.intercept.FilterSecurityInterceptor@38aafb53]
2024-06-10_00:11:38.481 - Starting ProtocolHandler ["http-nio-8080"]
2024-06-10_00:11:38.510 - Tomcat started on port(s): 8080 (http) with context path ''
2024-06-10_00:11:38.524 - Started EmployeeManagementSystemApplication in 3.535 seconds (JVM running for 4.37)
2024-06-10_00:12:57.112 - Application shutdown requested.
2024-06-10_00:12:57.256 - Pausing ProtocolHandler ["http-nio-8080"]
2024-06-10_00:12:57.257 - Stopping service [Tomcat]
2024-06-10_00:12:57.264 - Stopping ProtocolHandler ["http-nio-8080"]
2024-06-10_00:12:57.268 - Destroying ProtocolHandler ["http-nio-8080"]
2024-06-10_00:13:03.477 - HV000001: Hibernate Validator 6.2.5.Final
2024-06-10_00:13:03.499 - Starting EmployeeManagementSystemApplication using Java 1.8.0_202 on DESKTOP-0FGFVV5 with PID 1136 (C:\Users\Acer\eclipse-workspace\Neo provocative and enervating process\employee_management_system.zip_expanded\employee_management_system\target\classes started by Acer in C:\Users\Acer\eclipse-workspace\Neo provocative and enervating process\employee_management_system.zip_expanded\employee_management_system)
2024-06-10_00:13:03.500 - Running with Spring Boot v2.7.17, Spring v5.3.30
2024-06-10_00:13:03.501 - No active profile set, falling back to 1 default profile: "default"
